#log# Automatic Logger file. *** THIS MUST BE THE FIRST LINE ***
#log# DO NOT CHANGE THIS LINE OR THE TWO BELOW
#log# opts = Struct({'__allownew': True, 'logfile': 'commandes.log'})
#log# args = []
#log# It is safe to make manual edits below here.
#log#-----------------------------------------------------------------------
_ip.magic("logstart commandes.log")

import numpy as np
a = np.linspace(1, 10, 10)
a
b= 2*a
a = np.linspace(1, 10, 10)
_ip.magic("pwd ")
help 
help()
longvar = 1
longname = 'name'
long>>> tel = {'emmanuelle': 5752, 'sebastien': 5578}
>>> tel['francois'] = 5915 
>>> tel
_ip.magic("doctest_mode ")
tel = {'emmanuelle': 5752, 'sebastien': 5578}
tel['francois'] = 5915 
tel
tel['sebastien']
tel.keys()
'francois' in tel
